<?xml version='1.0' encoding='UTF-8' ?>
<testsuite name="com.example.emtn_bubble.ExampleInstrumentedTest" tests="1" failures="0" errors="0" skipped="0" time="1.096" timestamp="2023-08-29T13:45:56" hostname="localhost">
  <properties>
    <property name="device" value="6.7_Horizontal_Fold-in_API_30(AVD) - 11" />
    <property name="flavor" value="" />
    <property name="project" value=":app" />
  </properties>
  <testcase name="useAppContext" classname="com.example.emtn_bubble.ExampleInstrumentedTest" time="0.007" />
</testsuite>